1603740634540	geckodriver	INFO	Listening on 127.0.0.1:65447
1603740637633	mozrunner::runner	INFO	Running command: "C:\\Program Files (x86)\\Mozilla Firefox\\firefox.exe" "--marionette" "-foreground" "-no-remote" "-profile" "C:\\Users\\Laurent\\AppData\\Local\\Temp\\rust_mozprofileG9CoYC"
JavaScript error: resource://gre/modules/XULStore.jsm, line 66: Error: Can't find profile directory.
console.error: SearchCache: "_readCacheFile: Error reading cache file:" (new Error("", "(unknown module)"))
1603740641448	Marionette	INFO	Listening on port 65455
1603740641796	Marionette	WARN	TLS certificate errors will be ignored for this session
1603746556078	Marionette	INFO	Stopped listening on port 65455

###!!! [Child][RunMessage] Error: Channel closing: too late to send/recv, messages will be lost


###!!! [Child][MessageChannel::SendAndWait] Error: Channel error: cannot send/recv

\Local\\Temp\\rust_mozprofileH3IlTd"
JavaScript error: resource://gre/modules/XULStore.jsm, line 66: Error: Can't find profile directory.
console.error: SearchCache: "_readCacheFile: Error reading cache file:" (new Error("", "(unknown module)"))
1603742471818	Marionette	INFO	Listening on port 50777
1603742472025	Marionette	WARN	TLS certificate errors will be ignored for this session
1603742472456	Marionette	INFO	Stopped listening on port 50777

###!!! [Child][RunMessage] Error: Channel closing: too late to send/recv, messages will be lost


###!!! [Child][MessageChannel::SendAndWait] Error: Channel error: cannot send/recv

1603742490629	geckodriver	INFO	Listening on 127.0.0.1:50828
1603742493705	mozrunner::runner	INFO	Running command: "C:\\Program Files (x86)\\Mozilla Firefox\\firefox.exe" "--marionette" "-foreground" "-no-remote" "-profile" "C:\\Users\\Laurent\\AppData\\Local\\Temp\\rust_mozprofileCYS79L"
JavaScript error: resource://gre/modules/XULStore.jsm, line 66: Error: Can't find profile directory.
console.error: SearchCache: "_readCacheFile: Error reading cache file:" (new Error("", "(unknown module)"))
1603742497553	Marionette	INFO	Listening on port 50838
1603742497886	Marionette	WARN	TLS certificate errors will be ignored for this session
1603742498307	Marionette	INFO	Stopped listening on port 50838
console.warn: services.settings: main/partitioning-exempt-urls sync interrupted by shutdown

###!!! [Child][RunMessage] Error: Channel closing: too late to send/recv, messages will be lost


###!!! [Child][MessageChannel::SendAndWait] Error: Channel error: cannot send/recv

1603744577115	geckodriver	INFO	Listening on 127.0.0.1:53992
1603744580178	mozrunner::runner	INFO	Running command: "C:\\Program Files (x86)\\Mozilla Firefox\\firefox.exe" "--marionette" "-foreground" "-no-remote" "-profile" "C:\\Users\\Laurent\\AppData\\Local\\Temp\\rust_mozprofileSm7QqG"
JavaScript error: resource://gre/modules/XULStore.jsm, line 66: Error: Can't find profile directory.
console.error: SearchCache: "_readCacheFile: Error reading cache file:" (new Error("", "(unknown module)"))
1603744584073	Marionette	INFO	Listening on port 54002
1603744584344	Marionette	WARN	TLS certificate errors will be ignored for this session
1603744590632	Marionette	INFO	Stopped listening on port 54002

###!!! [Child][RunMessage] Error: Channel closing: too late to send/recv, messages will be lost


###!!! [Child][MessageChannel::SendAndWait] Error: Channel error: cannot send/recv

1603745390897	geckodriver	INFO	Listening on 127.0.0.1:54428
1603745393990	mozrunner::runner	INFO	Running command: "C:\\Program Files (x86)\\Mozilla Firefox\\firefox.exe" "--marionette" "-foreground" "-no-remote" "-profile" "C:\\Users\\Laurent\\AppData\\Local\\Temp\\rust_mozprofileDw3tGg"
JavaScript error: resource://gre/modules/XULStore.jsm, line 66: Error: Can't find profile directory.
console.error: SearchCache: "_readCacheFile: Error reading cache file:" (new Error("", "(unknown module)"))
1603745397918	Marionette	INFO	Listening on port 54436
1603745398161	Marionette	WARN	TLS certificate errors will be ignored for this session
1603745398547	Marionette	INFO	Stopped listening on port 54436
console.warn: services.settings: main/partitioning-exempt-urls sync interrupted by shutdown

###!!! [Child][RunMessage] Error: Channel closing: too late to send/recv, messages will be lost


###!!! [Child][MessageChannel::SendAndWait] Error: Channel error: cannot send/recv

1603745852094	geckodriver	INFO	Listening on 127.0.0.1:55885
1603745855195	mozrunner::runner	INFO	Running command: "C:\\Program Files (x86)\\Mozilla Firefox\\firefox.exe" "--marionette" "-foreground" "-no-remote" "-profile" "C:\\Users\\Laurent\\AppData\\Local\\Temp\\rust_mozprofile7vKAuP"
JavaScript error: resource://gre/modules/XULStore.jsm, line 66: Error: Can't find profile directory.
console.error: SearchCache: "_readCacheFile: Error reading cache file:" (new Error("", "(unknown module)"))
1603745859025	Marionette	INFO	Listening on port 55893
1603745859392	Marionette	WARN	TLS certificate errors will be ignored for this session
1603745862798	Marionette	INFO	Stopped listening on port 55893

###!!! [Child][RunMessage] Error: Channel closing: too late to send/recv, messages will be lost


###!!! [Child][MessageChannel::SendAndWait] Error: Channel error: cannot send/recv

